<?xml version="1.0" encoding="UTF-8"?>
<!-- Generated by org.testng.reporters.JUnitReportReporter -->
<testsuite hostname="DESKTOP-EPG1R7F" failures="0" tests="2" name="practice.DataProvider" time="0.041" errors="0" timestamp="2023-07-24T10:01:24 IST" skipped="0">
  <testcase classname="practice.DataProvider" name="execute" time="0.032"/>
  <system-out/>
  <testcase classname="practice.DataProvider" name="execute" time="0.009"/>
  <system-out/>
</testsuite> <!-- practice.DataProvider -->
