<?xml version="1.0" encoding="UTF-8"?>
<!-- Generated by org.testng.reporters.JUnitReportReporter -->
<testsuite hostname="DESKTOP-EPG1R7F" failures="0" tests="1" name="com.greentrade.vendor.CreateNewOpportunityTest" time="129.197" errors="0" timestamp="2023-07-18T11:00:04 IST" skipped="0">
  <testcase classname="com.greentrade.vendor.CreateNewOpportunityTest" name="createNewOpportunityTest" time="129.197"/>
  <system-out>
    <![CDATA[Opportunity is created successfully with requied details..!]]>
  </system-out>
</testsuite> <!-- com.greentrade.vendor.CreateNewOpportunityTest -->
