<?xml version="1.0" encoding="UTF-8"?>
<!-- Generated by org.testng.reporters.JUnitReportReporter -->
<testsuite hostname="DESKTOP-EPG1R7F" failures="0" tests="1" name="javaPractice.Patterns" time="0.047" errors="0" timestamp="2023-07-21T17:19:39 IST" skipped="0">
  <testcase classname="javaPractice.Patterns" name="q11" time="0.047"/>
  <system-out/>
</testsuite> <!-- javaPractice.Patterns -->
