<?xml version="1.0" encoding="UTF-8"?>
<!-- Generated by org.testng.reporters.JUnitReportReporter -->
<testsuite hostname="DESKTOP-EPG1R7F" failures="0" tests="1" name="javaPractice.CollectionConcepts" time="0.030" errors="0" timestamp="2023-07-19T14:41:42 IST" skipped="0">
  <testcase classname="javaPractice.CollectionConcepts" name="test" time="0.030"/>
  <system-out/>
</testsuite> <!-- javaPractice.CollectionConcepts -->
