<?xml version="1.0" encoding="UTF-8"?>
<!-- Generated by org.testng.reporters.JUnitReportReporter -->
<testsuite hostname="DESKTOP-EPG1R7F" failures="0" tests="1" name="practice.BrokenLinks" time="116.818" errors="0" timestamp="2023-07-14T17:29:07 IST" skipped="0">
  <testcase classname="practice.BrokenLinks" name="findBrokenLinks" time="116.818"/>
  <system-out/>
</testsuite> <!-- practice.BrokenLinks -->
