<?xml version="1.0" encoding="UTF-8"?>
<!-- Generated by org.testng.reporters.JUnitReportReporter -->
<testsuite hostname="Vivek" failures="0" tests="2" name="practice.DataProvider" time="0.033" errors="0" timestamp="2025-02-12T10:41:34 IST" skipped="0">
  <testcase classname="practice.DataProvider" name="execute" time="0.006"/>
  <system-out/>
  <testcase classname="practice.DataProvider" name="execute" time="0.027"/>
  <system-out/>
</testsuite> <!-- practice.DataProvider -->
