<?xml version="1.0" encoding="UTF-8"?>
<!-- Generated by org.testng.reporters.JUnitReportReporter -->
<testsuite hostname="DESKTOP-EPG1R7F" failures="0" tests="1" name="javaPractice.ArrayPrograms" time="0.034" errors="0" timestamp="2023-07-19T17:08:32 IST" skipped="0">
  <testcase classname="javaPractice.ArrayPrograms" name="test" time="0.034"/>
  <system-out/>
</testsuite> <!-- javaPractice.ArrayPrograms -->
