<?xml version="1.0" encoding="UTF-8"?>
<!-- Generated by org.testng.reporters.JUnitReportReporter -->
<testsuite hostname="DESKTOP-EPG1R7F" failures="0" tests="1" name="com.greentrade.vendor.CreateNewTroubleTicketTest" time="100.269" errors="0" timestamp="2023-07-17T10:24:48 IST" skipped="0">
  <testcase classname="com.greentrade.vendor.CreateNewTroubleTicketTest" name="createNewTroubleTicketTest" time="100.269"/>
  <system-out>
    <![CDATA[Trouble Ticket is created with requied details]]>
  </system-out>
</testsuite> <!-- com.greentrade.vendor.CreateNewTroubleTicketTest -->
