<?xml version="1.0" encoding="UTF-8"?>
<!-- Generated by org.testng.reporters.JUnitReportReporter -->
<testsuite hostname="DESKTOP-EPG1R7F" failures="0" tests="1" name="javaPractice.ArrayPrograms" time="0.037" errors="0" timestamp="2023-07-20T17:47:49 IST" skipped="0">
  <testcase classname="javaPractice.ArrayPrograms" name="FirstAndSecondMinNumber" time="0.037"/>
  <system-out/>
</testsuite> <!-- javaPractice.ArrayPrograms -->
