<?xml version="1.0" encoding="UTF-8"?>
<!-- Generated by org.testng.reporters.JUnitReportReporter -->
<testsuite hostname="Vivek" failures="0" tests="1" name="practice.BrokenLinks" time="51.167" errors="0" timestamp="2024-08-11T12:33:06 IST" skipped="0">
  <testcase classname="practice.BrokenLinks" name="findBrokenLinks" time="51.167"/>
  <system-out/>
</testsuite> <!-- practice.BrokenLinks -->
