<?xml version="1.0" encoding="UTF-8"?>
<!-- Generated by org.testng.reporters.JUnitReportReporter -->
<testsuite hostname="Vivek" failures="0" tests="1" name="javaPractice.ArrayPrograms" time="0.029" errors="0" timestamp="2025-02-11T10:27:54 IST" skipped="0">
  <testcase classname="javaPractice.ArrayPrograms" name="occurance" time="0.029"/>
  <system-out/>
</testsuite> <!-- javaPractice.ArrayPrograms -->
