<?xml version="1.0" encoding="UTF-8"?>
<!-- Generated by org.testng.reporters.JUnitReportReporter -->
<testsuite hostname="Vivek" failures="0" tests="1" name="javaPractice.StringPrograms" time="0.028" errors="0" timestamp="2023-10-28T00:25:34 IST" skipped="0">
  <testcase classname="javaPractice.StringPrograms" name="duplicateWordsWithCount" time="0.028"/>
  <system-out/>
</testsuite> <!-- javaPractice.StringPrograms -->
