<?xml version="1.0" encoding="UTF-8"?>
<!-- Generated by org.testng.reporters.JUnitReportReporter -->
<testsuite hostname="Vivek" failures="0" tests="1" name="javaPractice.StringPrograms" time="0.025" errors="0" timestamp="2025-02-11T10:35:37 IST" skipped="0">
  <testcase classname="javaPractice.StringPrograms" name="removeDuplicates" time="0.025"/>
  <system-out/>
</testsuite> <!-- javaPractice.StringPrograms -->
