<?xml version="1.0" encoding="UTF-8"?>
<!-- Generated by org.testng.reporters.JUnitReportReporter -->
<testsuite hostname="DESKTOP-EPG1R7F" failures="0" tests="1" name="com.greentrade.vendor.Test" time="3.401" errors="0" timestamp="2023-07-13T21:05:53 IST" skipped="0">
  <testcase classname="com.greentrade.vendor.Test" name="main" time="3.401"/>
  <system-out/>
</testsuite> <!-- com.greentrade.vendor.Test -->
