<?xml version="1.0" encoding="UTF-8"?>
<!-- Generated by org.testng.reporters.JUnitReportReporter -->
<testsuite hostname="DESKTOP-EPG1R7F" failures="0" tests="2" name="practice.DataProvider2" time="0.029" errors="0" timestamp="2023-07-29T10:05:16 IST" skipped="0">
  <testcase classname="practice.DataProvider2" name="execution" time="0.023"/>
  <system-out/>
  <testcase classname="practice.DataProvider2" name="execution" time="0.006"/>
  <system-out/>
</testsuite> <!-- practice.DataProvider2 -->
