<?xml version="1.0" encoding="UTF-8"?>
<!-- Generated by org.testng.reporters.JUnitReportReporter -->
<testsuite hostname="DESKTOP-EPG1R7F" failures="0" tests="1" name="javaPractice.Assignments" time="0.033" errors="0" timestamp="2023-07-24T14:49:52 IST" skipped="0">
  <testcase classname="javaPractice.Assignments" name="sumOfFirstThreeNumbers" time="0.033"/>
  <system-out/>
</testsuite> <!-- javaPractice.Assignments -->
